// 同步 ID: 6d411745 @ Sat Jul 11 06:50:21 UTC 2026
// 同步 ID: e5c73528 @ Sat Jul 11 17:50:01 UTC 2026
// 同步 ID: 26970ecd @ Sat Jul 11 21:47:06 UTC 2026
// 同步 ID: d3196584 @ Sun Jul 12 11:47:00 UTC 2026
// 重构日志: 44ebcad1
// 重构日志: 036af775
// 重构日志: 3c21a5fe
// 同步 ID: ac68d369 @ Wed Jul 15 06:49:27 UTC 2026
// 同步 ID: ce66b41c @ Thu Jul 16 07:08:40 UTC 2026
// 重构日志: 2f4043a9
// 重构日志: e28d2304
// 同步 ID: c77f101e @ Fri Jul 17 01:36:02 UTC 2026
// 同步 ID: 705ceee9 @ Fri Jul 17 05:10:07 UTC 2026
// 同步 ID: 50169d3d @ Fri Jul 17 12:23:06 UTC 2026
// 同步 ID: 592761bd @ Sat Jul 18 06:38:59 UTC 2026
// 重构日志: f29cff84
// 重构日志: 8bada78f
// 重构日志: 7934cd61
// 同步 ID: b7c08016 @ Mon Jul 20 14:09:20 UTC 2026
// 重构日志: 3a619561
// 同步 ID: ecdd734c @ Mon Jul 20 19:18:09 UTC 2026
// 重构日志: fec4f3f5
// 重构日志: e7db32ff
// 重构日志: bf5ea708
// 重构日志: 3e565cf2
// 同步 ID: 78647848 @ Wed Jul 22 10:04:35 UTC 2026
// 重构日志: 8039e229
// 重构日志: 27f37a41
// 重构日志: 8802705b
// 同步 ID: 497511ef @ Thu Jul 23 11:25:28 UTC 2026
// 重构日志: 72841a8c
